mode: set
github.com/dylhunn/movegen/constgen.go:10.38,12.34 2 0
github.com/dylhunn/movegen/constgen.go:23.2,23.14 1 0
github.com/dylhunn/movegen/constgen.go:12.34,14.49 1 0
github.com/dylhunn/movegen/constgen.go:18.3,18.56 1 0
github.com/dylhunn/movegen/constgen.go:21.3,21.34 1 0
github.com/dylhunn/movegen/constgen.go:14.49,16.4 1 0
github.com/dylhunn/movegen/constgen.go:18.56,20.4 1 0
github.com/dylhunn/movegen/constgen.go:30.40,32.34 2 0
github.com/dylhunn/movegen/constgen.go:67.2,67.14 1 0
github.com/dylhunn/movegen/constgen.go:32.34,42.35 10 0
github.com/dylhunn/movegen/constgen.go:45.3,45.35 1 0
github.com/dylhunn/movegen/constgen.go:48.3,48.35 1 0
github.com/dylhunn/movegen/constgen.go:51.3,51.35 1 0
github.com/dylhunn/movegen/constgen.go:54.3,54.45 1 0
github.com/dylhunn/movegen/constgen.go:57.3,57.45 1 0
github.com/dylhunn/movegen/constgen.go:60.3,60.45 1 0
github.com/dylhunn/movegen/constgen.go:63.3,63.45 1 0
github.com/dylhunn/movegen/constgen.go:42.35,44.4 1 0
github.com/dylhunn/movegen/constgen.go:45.35,47.4 1 0
github.com/dylhunn/movegen/constgen.go:48.35,50.4 1 0
github.com/dylhunn/movegen/constgen.go:51.35,53.4 1 0
github.com/dylhunn/movegen/constgen.go:54.45,56.4 1 0
github.com/dylhunn/movegen/constgen.go:57.45,59.4 1 0
github.com/dylhunn/movegen/constgen.go:60.45,62.4 1 0
github.com/dylhunn/movegen/constgen.go:63.45,65.4 1 0
github.com/dylhunn/movegen/constgen.go:70.37,71.11 1 0
github.com/dylhunn/movegen/constgen.go:74.2,74.10 1 0
github.com/dylhunn/movegen/constgen.go:71.11,73.3 1 0
github.com/dylhunn/movegen/movegen.go:8.40,10.2 1 0
github.com/dylhunn/movegen/movegen.go:12.46,15.15 3 1
github.com/dylhunn/movegen/movegen.go:19.2,19.19 1 1
github.com/dylhunn/movegen/movegen.go:40.2,40.25 1 1
github.com/dylhunn/movegen/movegen.go:15.15,17.3 1 1
github.com/dylhunn/movegen/movegen.go:19.19,23.16 4 1
github.com/dylhunn/movegen/movegen.go:28.3,30.17 3 1
github.com/dylhunn/movegen/movegen.go:23.16,25.4 1 1
github.com/dylhunn/movegen/movegen.go:25.4,27.4 1 1
github.com/dylhunn/movegen/movegen.go:30.17,31.44 1 1
github.com/dylhunn/movegen/movegen.go:31.44,34.5 2 1
github.com/dylhunn/movegen/movegen.go:35.4,37.4 1 1
github.com/dylhunn/movegen/movegen.go:40.25,46.3 5 1
github.com/dylhunn/movegen/movegen.go:49.76,51.15 2 1
github.com/dylhunn/movegen/movegen.go:60.2,60.8 1 1
github.com/dylhunn/movegen/movegen.go:51.15,55.3 3 1
github.com/dylhunn/movegen/movegen.go:55.3,59.3 3 1
github.com/dylhunn/movegen/movegen.go:63.48,66.16 3 1
github.com/dylhunn/movegen/movegen.go:69.2,69.36 1 1
github.com/dylhunn/movegen/movegen.go:66.16,68.3 1 1
github.com/dylhunn/movegen/movegen.go:69.36,70.18 1 1
github.com/dylhunn/movegen/movegen.go:70.18,76.17 6 1
github.com/dylhunn/movegen/movegen.go:83.4,83.18 1 1
github.com/dylhunn/movegen/movegen.go:90.4,90.39 1 1
github.com/dylhunn/movegen/movegen.go:76.17,79.5 2 1
github.com/dylhunn/movegen/movegen.go:79.5,82.5 2 1
github.com/dylhunn/movegen/movegen.go:83.18,84.45 1 1
github.com/dylhunn/movegen/movegen.go:88.5,88.13 1 1
github.com/dylhunn/movegen/movegen.go:84.45,87.6 2 1
github.com/dylhunn/movegen/movegen.go:95.67,99.21 4 1
github.com/dylhunn/movegen/movegen.go:102.2,102.15 1 1
github.com/dylhunn/movegen/movegen.go:113.2,113.8 1 1
github.com/dylhunn/movegen/movegen.go:99.21,101.3 1 1
github.com/dylhunn/movegen/movegen.go:102.15,107.3 4 1
github.com/dylhunn/movegen/movegen.go:107.3,112.3 4 1
github.com/dylhunn/movegen/movegen.go:116.47,119.15 3 1
github.com/dylhunn/movegen/movegen.go:126.2,126.22 1 1
github.com/dylhunn/movegen/movegen.go:119.15,122.3 2 1
github.com/dylhunn/movegen/movegen.go:122.3,125.3 2 1
github.com/dylhunn/movegen/movegen.go:126.22,131.3 4 1
github.com/dylhunn/movegen/movegen.go:135.45,141.15 6 1
github.com/dylhunn/movegen/movegen.go:157.2,157.23 1 1
github.com/dylhunn/movegen/movegen.go:162.2,162.24 1 1
github.com/dylhunn/movegen/movegen.go:169.2,170.65 2 1
github.com/dylhunn/movegen/movegen.go:141.15,149.3 6 1
github.com/dylhunn/movegen/movegen.go:149.3,156.3 6 1
github.com/dylhunn/movegen/movegen.go:157.23,161.3 3 1
github.com/dylhunn/movegen/movegen.go:162.24,166.3 3 0
github.com/dylhunn/movegen/movegen.go:216.75,217.19 1 1
github.com/dylhunn/movegen/movegen.go:217.19,223.3 5 1
github.com/dylhunn/movegen/types.go:38.48,40.2 1 1
github.com/dylhunn/movegen/types.go:41.47,43.2 1 1
github.com/dylhunn/movegen/types.go:44.48,46.2 1 1
github.com/dylhunn/movegen/types.go:47.47,49.2 1 1
github.com/dylhunn/movegen/types.go:50.44,52.2 1 0
github.com/dylhunn/movegen/types.go:53.43,55.2 1 1
github.com/dylhunn/movegen/types.go:56.44,58.2 1 0
github.com/dylhunn/movegen/types.go:59.43,61.2 1 0
github.com/dylhunn/movegen/types.go:81.28,83.2 1 1
github.com/dylhunn/movegen/types.go:84.30,86.2 1 0
github.com/dylhunn/movegen/types.go:88.32,90.2 1 0
github.com/dylhunn/movegen/types.go:91.38,94.2 2 1
github.com/dylhunn/movegen/types.go:95.40,98.2 2 1
github.com/dylhunn/movegen/types.go:99.42,102.2 2 1
github.com/dylhunn/movegen/types.go:103.32,105.2 1 0
github.com/dylhunn/movegen/util.go:12.41,15.2 1 1
github.com/dylhunn/movegen/util.go:18.41,22.2 2 1
github.com/dylhunn/movegen/util.go:53.33,58.26 3 1
github.com/dylhunn/movegen/util.go:66.2,67.36 2 1
github.com/dylhunn/movegen/util.go:71.2,72.34 2 1
github.com/dylhunn/movegen/util.go:76.2,76.33 1 1
github.com/dylhunn/movegen/util.go:104.2,108.38 4 1
github.com/dylhunn/movegen/util.go:111.2,111.38 1 1
github.com/dylhunn/movegen/util.go:114.2,114.38 1 1
github.com/dylhunn/movegen/util.go:117.2,117.38 1 1
github.com/dylhunn/movegen/util.go:120.2,120.22 1 1
github.com/dylhunn/movegen/util.go:123.2,123.10 1 1
github.com/dylhunn/movegen/util.go:58.26,60.26 2 1
github.com/dylhunn/movegen/util.go:63.3,63.75 1 1
github.com/dylhunn/movegen/util.go:60.26,62.4 1 1
github.com/dylhunn/movegen/util.go:67.36,70.3 2 1
github.com/dylhunn/movegen/util.go:72.34,74.3 1 1
github.com/dylhunn/movegen/util.go:76.33,77.23 1 1
github.com/dylhunn/movegen/util.go:78.12,79.27 1 1
github.com/dylhunn/movegen/util.go:80.12,81.29 1 1
github.com/dylhunn/movegen/util.go:82.12,83.29 1 1
github.com/dylhunn/movegen/util.go:84.12,85.27 1 1
github.com/dylhunn/movegen/util.go:86.12,87.28 1 1
github.com/dylhunn/movegen/util.go:88.12,89.27 1 1
github.com/dylhunn/movegen/util.go:90.12,91.27 1 1
github.com/dylhunn/movegen/util.go:92.12,93.29 1 1
github.com/dylhunn/movegen/util.go:94.12,95.29 1 1
github.com/dylhunn/movegen/util.go:96.12,97.27 1 1
github.com/dylhunn/movegen/util.go:98.12,99.28 1 1
github.com/dylhunn/movegen/util.go:100.12,101.27 1 1
github.com/dylhunn/movegen/util.go:108.38,110.3 1 1
github.com/dylhunn/movegen/util.go:111.38,113.3 1 0
github.com/dylhunn/movegen/util.go:114.38,116.3 1 0
github.com/dylhunn/movegen/util.go:117.38,119.3 1 0
github.com/dylhunn/movegen/util.go:120.22,122.3 1 1
